


ARM Macro Assembler    Page 1 


    1 00000000         ;/******************************************************
                       ********************//**
    2 00000000         ; * @file     startup_ADuCM360.s
    3 00000000         ; * @brief    CMSIS Cortex-M3 Core Device Startup File f
                       or
    4 00000000         ; *           Device ADuCM360
    5 00000000         ; * @version  V3.10
    6 00000000         ; * @date     23. November 2012
    7 00000000         ; *
    8 00000000         ; * @note
    9 00000000         ; *
   10 00000000         ; ******************************************************
                       ************************/
   11 00000000         ;/* Copyright (c) 2012 ARM LIMITED
   12 00000000         ;
   13 00000000         ;   All rights reserved.
   14 00000000         ;   Redistribution and use in source and binary forms, w
                       ith or without
   15 00000000         ;   modification, are permitted provided that the follow
                       ing conditions are met:
   16 00000000         ;   - Redistributions of source code must retain the abo
                       ve copyright
   17 00000000         ;     notice, this list of conditions and the following 
                       disclaimer.
   18 00000000         ;   - Redistributions in binary form must reproduce the 
                       above copyright
   19 00000000         ;     notice, this list of conditions and the following 
                       disclaimer in the
   20 00000000         ;     documentation and/or other materials provided with
                        the distribution.
   21 00000000         ;   - Neither the name of ARM nor the names of its contr
                       ibutors may be used
   22 00000000         ;     to endorse or promote products derived from this s
                       oftware without
   23 00000000         ;     specific prior written permission.
   24 00000000         ;   *
   25 00000000         ;   THIS SOFTWARE IS PROVIDED BY THE COPYRIGHT HOLDERS A
                       ND CONTRIBUTORS "AS IS"
   26 00000000         ;   AND ANY EXPRESS OR IMPLIED WARRANTIES, INCLUDING, BU
                       T NOT LIMITED TO, THE
   27 00000000         ;   IMPLIED WARRANTIES OF MERCHANTABILITY AND FITNESS FO
                       R A PARTICULAR PURPOSE
   28 00000000         ;   ARE DISCLAIMED. IN NO EVENT SHALL COPYRIGHT HOLDERS 
                       AND CONTRIBUTORS BE
   29 00000000         ;   LIABLE FOR ANY DIRECT, INDIRECT, INCIDENTAL, SPECIAL
                       , EXEMPLARY, OR
   30 00000000         ;   CONSEQUENTIAL DAMAGES (INCLUDING, BUT NOT LIMITED TO
                       , PROCUREMENT OF
   31 00000000         ;   SUBSTITUTE GOODS OR SERVICES; LOSS OF USE, DATA, OR 
                       PROFITS; OR BUSINESS
   32 00000000         ;   INTERRUPTION) HOWEVER CAUSED AND ON ANY THEORY OF LI
                       ABILITY, WHETHER IN
   33 00000000         ;   CONTRACT, STRICT LIABILITY, OR TORT (INCLUDING NEGLI
                       GENCE OR OTHERWISE)
   34 00000000         ;   ARISING IN ANY WAY OUT OF THE USE OF THIS SOFTWARE, 
                       EVEN IF ADVISED OF THE
   35 00000000         ;   POSSIBILITY OF SUCH DAMAGE.
   36 00000000         ;
   37 00000000         ;   Portions Copyright (c) 2017-2018 Analog Devices, Inc



ARM Macro Assembler    Page 2 


                       .
   38 00000000         ;   ----------------------------------------------------
                       -----------------------*/
   39 00000000         ;/*
   40 00000000         ;//-------- <<< Use Configuration Wizard in Context Menu
                        >>> ------------------
   41 00000000         ;*/
   42 00000000         
   43 00000000         ; Amount of memory (in bytes) allocated for Stack
   44 00000000         ; Tailor this value to your application needs
   45 00000000         ; <h> Stack Configuration
   46 00000000         ;   <o> Stack Size (in Bytes) <0x0-0xFFFFFFFF:8>
   47 00000000         ; </h>
   48 00000000         
   49 00000000 00000400 
                       Stack_Size
                               EQU              0x00000400
   50 00000000         
   51 00000000                 AREA             STACK, NOINIT, READWRITE, ALIGN
=3
   52 00000000         Stack_Mem
                               SPACE            Stack_Size
   53 00000400         __initial_sp
   54 00000400         
   55 00000400         
   56 00000400         ; <h> Heap Configuration
   57 00000400         ;   <o>  Heap Size (in Bytes) <0x0-0xFFFFFFFF:8>
   58 00000400         ; </h>
   59 00000400         
   60 00000400 00000200 
                       Heap_Size
                               EQU              0x00000200
   61 00000400         
   62 00000400                 AREA             HEAP, NOINIT, READWRITE, ALIGN=
3
   63 00000000         __heap_base
   64 00000000         Heap_Mem
                               SPACE            Heap_Size
   65 00000200         __heap_limit
   66 00000200         
   67 00000200                 PRESERVE8
   68 00000200                 THUMB
   69 00000200         
   70 00000200         
   71 00000200         ; Vector Table Mapped to Address 0 at Reset
   72 00000200                 AREA             RESET, DATA, READONLY
   73 00000000                 EXPORT           __Vectors
   74 00000000                 EXPORT           __Vectors_End
   75 00000000                 EXPORT           __Vectors_Size
   76 00000000         
   77 00000000 00000000 
                       __Vectors
                               DCD              __initial_sp ; Top of Stack
   78 00000004 00000000        DCD              Reset_Handler ; Reset Handler
   79 00000008 00000000        DCD              NMI_Handler ; The NMI handler  
                                                                  
   80 0000000C 00000000        DCD              HardFault_Handler ; The hard fa
                                                            ult handler 
   81 00000010 00000000        DCD              MemManage_Handler ; The MPU fau



ARM Macro Assembler    Page 3 


                                                            lt handler  
   82 00000014 00000000        DCD              BusFault_Handler ; The bus faul
                                                            t handler  
   83 00000018 00000000        DCD              UsageFault_Handler ; The usage 
                                                            fault handler
   84 0000001C 00000000        DCD              0           ; Reserved         
                                                                  
   85 00000020 00000000        DCD              0           ; Reserved         
                                                                  
   86 00000024 00000000        DCD              0           ; Reserved         
                                                                  
   87 00000028 00000000        DCD              0           ; Reserved         
                                                                  
   88 0000002C 00000000        DCD              SVC_Handler ; SVCall handler   
                                                                  
   89 00000030 00000000        DCD              DebugMon_Handler ; Debug monito
                                                            r handler  
   90 00000034 00000000        DCD              0           ; Reserved         
                                                                  
   91 00000038 00000000        DCD              PendSV_Handler ; The PendSV han
                                                            dler     
   92 0000003C 00000000        DCD              SysTick_Handler ; The SysTick h
                                                            andler    
   93 00000040         
   94 00000040         ; External Interrupts
   95 00000040 00000000        DCD              WakeUp_Int_Handler ; Wake Up Ti
                                                            mer              [ 
                                                            0]
   96 00000044 00000000        DCD              Ext_Int0_Handler ; External Int
                                                            errupt 0       [ 1]
                                                            
   97 00000048 00000000        DCD              Ext_Int1_Handler ; External Int
                                                            errupt 1       [ 2]
                                                            
   98 0000004C 00000000        DCD              Ext_Int2_Handler ; External Int
                                                            errupt 2       [ 3]
                                                            
   99 00000050 00000000        DCD              Ext_Int3_Handler ; External Int
                                                            errupt 3       [ 4]
                                                            
  100 00000054 00000000        DCD              Ext_Int4_Handler ; External Int
                                                            errupt 4       [ 5]
                                                            
  101 00000058 00000000        DCD              Ext_Int5_Handler ; External Int
                                                            errupt 5       [ 6]
                                                            
  102 0000005C 00000000        DCD              Ext_Int6_Handler ; External Int
                                                            errupt 6       [ 7]
                                                            
  103 00000060 00000000        DCD              Ext_Int7_Handler ; External Int
                                                            errupt 7       [ 8]
                                                            
  104 00000064 00000000        DCD              WDog_Tmr_Int_Handler ; Watchdog
                                                             timer handler     
                                                            [ 9]
  105 00000068 00000000        DCD              0           ;                  
                                                                      [10]
  106 0000006C 00000000        DCD              GP_Tmr0_Int_Handler ; General p
                                                            urpose timer 0    [



ARM Macro Assembler    Page 4 


                                                            11]
  107 00000070 00000000        DCD              GP_Tmr1_Int_Handler ; General p
                                                            urpose timer 1    [
                                                            12]
  108 00000074 00000000        DCD              ADC0_Int_Handler ; ADC0 Interru
                                                            pt             [13]
                                                            
  109 00000078 00000000        DCD              ADC1_Int_Handler ; ADC1 Interru
                                                            pt             [14]
                                                            
  110 0000007C 00000000        DCD              SINC2_Int_Handler ; SINC2 Inter
                                                            rupt            [15
                                                            ]
  111 00000080 00000000        DCD              Flsh_Int_Handler ; Flash Interr
                                                            upt            [16]
                                                            
  112 00000084 00000000        DCD              UART_Int_Handler ; UART0       
                                                                           [17]
                                                            
  113 00000088 00000000        DCD              SPI0_Int_Handler ; SPI 0       
                                                                           [18]
                                                            
  114 0000008C 00000000        DCD              SPI1_Int_Handler ; SPI 1       
                                                                           [19]
                                                            
  115 00000090 00000000        DCD              I2C0_Slave_Int_Handler ; I2C0 S
                                                            lave               
                                                              [20]
  116 00000094 00000000        DCD              I2C0_Master_Int_Handler ; I2C0 
                                                            Master             
                                                               [21]
  117 00000098 00000000        DCD              DMA_Err_Int_Handler ; DMA Error
                                                             interrupt        [
                                                            22]
  118 0000009C 00000000        DCD              DMA_SPI1_TX_Int_Handler ; DMA S
                                                            PI1 TX             
                                                               [23]
  119 000000A0 00000000        DCD              DMA_SPI1_RX_Int_Handler ; DMA S
                                                            PI1 RX             
                                                               [24]
  120 000000A4 00000000        DCD              DMA_UART_TX_Int_Handler ; DMA U
                                                            ART TX             
                                                               [25]
  121 000000A8 00000000        DCD              DMA_UART_RX_Int_Handler ; DMA U
                                                            ART RX             
                                                               [26]
  122 000000AC 00000000        DCD              DMA_I2C0_STX_Int_Handler ; DMA 
                                                            I2C0 Slave TX      
                                                                [27]
  123 000000B0 00000000        DCD              DMA_I2C0_SRX_Int_Handler ; DMA 
                                                            I2C0 Slave RX      
                                                                [28]
  124 000000B4 00000000        DCD              DMA_I2C0_MTX_Int_Handler ; DMA 
                                                            I2C0 Master TX     
                                                                [29]
  125 000000B8 00000000        DCD              DMA_I2C0_MRX_Int_Handler ; DMA 
                                                            I2C0 Master RX     
                                                                [30]
  126 000000BC 00000000        DCD              DMA_DAC_Out_Int_Handler ; DMA D



ARM Macro Assembler    Page 5 


                                                            AC out             
                                                               [31]
  127 000000C0 00000000        DCD              DMA_ADC0_Int_Handler ; DMA ADC0
                                                                               
                                                            [32]
  128 000000C4 00000000        DCD              DMA_ADC1_Int_Handler ; DMA ADC1
                                                                               
                                                            [33]
  129 000000C8 00000000        DCD              DMA_SINC2_Int_Handler ; SINC2  
                                                                               
                                                             [34]
  130 000000CC 00000000        DCD              PWMTRIP_Int_Handler ; PWMTRIP  
                                                                              [
                                                            35]
  131 000000D0 00000000        DCD              PWM0_Int_Handler ; PWM0        
                                                                           [36]
                                                            
  132 000000D4 00000000        DCD              PWM1_Int_Handler ; PWM1        
                                                                           [37]
                                                            
  133 000000D8 00000000        DCD              PWM2_Int_Handler ; PWM2        
                                                                           [38]
                                                            
  134 000000DC 00000000        DCD              0           ;                  
                                                                      [39]
  135 000000E0         __Vectors_End
  136 000000E0         
  137 000000E0 000000E0 
                       __Vectors_Size
                               EQU              __Vectors_End - __Vectors
  138 000000E0         
  139 000000E0                 AREA             |.text|, CODE, READONLY
  140 00000000         
  141 00000000         ; Reset handler
  142 00000000         Reset_Handler
                               PROC
  143 00000000                 EXPORT           Reset_Handler             [WEAK
]
  144 00000000                 IMPORT           SystemInitForLowPower
  145 00000000                 IMPORT           __main
  146 00000000 4806            LDR              R0, =SystemInitForLowPower
  147 00000002 4780            BLX              R0
  148 00000004 4806            LDR              R0, =__main
  149 00000006 4700            BX               R0
  150 00000008                 ENDP
  151 00000008         
  152 00000008         ; Dummy Exception Handlers (infinite loops which can be 
                       modified)
  153 00000008         
  154 00000008         NMI_Handler
                               PROC
  155 00000008                 EXPORT           NMI_Handler                [WEA
K]
  156 00000008 E7FE            B                .
  157 0000000A                 ENDP
  159 0000000A         HardFault_Handler
                               PROC
  160 0000000A                 EXPORT           HardFault_Handler          [WEA
K]



ARM Macro Assembler    Page 6 


  161 0000000A E7FE            B                .
  162 0000000C                 ENDP
  164 0000000C         MemManage_Handler
                               PROC
  165 0000000C                 EXPORT           MemManage_Handler          [WEA
K]
  166 0000000C E7FE            B                .
  167 0000000E                 ENDP
  169 0000000E         BusFault_Handler
                               PROC
  170 0000000E                 EXPORT           BusFault_Handler           [WEA
K]
  171 0000000E E7FE            B                .
  172 00000010                 ENDP
  174 00000010         UsageFault_Handler
                               PROC
  175 00000010                 EXPORT           UsageFault_Handler         [WEA
K]
  176 00000010 E7FE            B                .
  177 00000012                 ENDP
  178 00000012         SVC_Handler
                               PROC
  179 00000012                 EXPORT           SVC_Handler                [WEA
K]
  180 00000012 E7FE            B                .
  181 00000014                 ENDP
  183 00000014         DebugMon_Handler
                               PROC
  184 00000014                 EXPORT           DebugMon_Handler           [WEA
K]
  185 00000014 E7FE            B                .
  186 00000016                 ENDP
  187 00000016         PendSV_Handler
                               PROC
  188 00000016                 EXPORT           PendSV_Handler             [WEA
K]
  189 00000016 E7FE            B                .
  190 00000018                 ENDP
  191 00000018         SysTick_Handler
                               PROC
  192 00000018                 EXPORT           SysTick_Handler            [WEA
K]
  193 00000018 E7FE            B                .
  194 0000001A                 ENDP
  195 0000001A         
  196 0000001A         Default_Handler
                               PROC
  197 0000001A         
  198 0000001A         
  199 0000001A         
  200 0000001A         
  201 0000001A         
  202 0000001A         
  203 0000001A         
  204 0000001A         
  205 0000001A                 EXPORT           WakeUp_Int_Handler          [WE
AK]
  206 0000001A                 EXPORT           Ext_Int0_Handler            [WE
AK]



ARM Macro Assembler    Page 7 


  207 0000001A                 EXPORT           Ext_Int1_Handler            [WE
AK]
  208 0000001A                 EXPORT           Ext_Int2_Handler            [WE
AK]
  209 0000001A                 EXPORT           Ext_Int3_Handler            [WE
AK]
  210 0000001A                 EXPORT           Ext_Int4_Handler            [WE
AK]
  211 0000001A                 EXPORT           Ext_Int5_Handler            [WE
AK]
  212 0000001A                 EXPORT           Ext_Int6_Handler            [WE
AK]
  213 0000001A                 EXPORT           Ext_Int7_Handler            [WE
AK]
  214 0000001A                 EXPORT           WDog_Tmr_Int_Handler        [WE
AK]
  215 0000001A                 EXPORT           GP_Tmr0_Int_Handler         [WE
AK]
  216 0000001A                 EXPORT           GP_Tmr1_Int_Handler         [WE
AK]
  217 0000001A                 EXPORT           ADC0_Int_Handler            [WE
AK]
  218 0000001A                 EXPORT           ADC1_Int_Handler            [WE
AK]
  219 0000001A                 EXPORT           SINC2_Int_Handler           [WE
AK]
  220 0000001A                 EXPORT           Flsh_Int_Handler            [WE
AK]
  221 0000001A                 EXPORT           UART_Int_Handler            [WE
AK]
  222 0000001A                 EXPORT           SPI0_Int_Handler            [WE
AK]
  223 0000001A                 EXPORT           SPI1_Int_Handler            [WE
AK]
  224 0000001A                 EXPORT           I2C0_Slave_Int_Handler      [WE
AK]
  225 0000001A                 EXPORT           I2C0_Master_Int_Handler     [WE
AK]
  226 0000001A                 EXPORT           DMA_Err_Int_Handler         [WE
AK]
  227 0000001A                 EXPORT           DMA_SPI1_TX_Int_Handler     [WE
AK]
  228 0000001A                 EXPORT           DMA_SPI1_RX_Int_Handler     [WE
AK]
  229 0000001A                 EXPORT           DMA_UART_TX_Int_Handler     [WE
AK]
  230 0000001A                 EXPORT           DMA_UART_RX_Int_Handler     [WE
AK]
  231 0000001A                 EXPORT           DMA_I2C0_STX_Int_Handler    [WE
AK]
  232 0000001A                 EXPORT           DMA_I2C0_SRX_Int_Handler    [WE
AK]
  233 0000001A                 EXPORT           DMA_I2C0_MTX_Int_Handler    [WE
AK]
  234 0000001A                 EXPORT           DMA_I2C0_MRX_Int_Handler    [WE
AK]
  235 0000001A                 EXPORT           DMA_DAC_Out_Int_Handler     [WE
AK]
  236 0000001A                 EXPORT           DMA_ADC0_Int_Handler        [WE



ARM Macro Assembler    Page 8 


AK]
  237 0000001A                 EXPORT           DMA_ADC1_Int_Handler        [WE
AK]
  238 0000001A                 EXPORT           DMA_SINC2_Int_Handler       [WE
AK]
  239 0000001A                 EXPORT           PWMTRIP_Int_Handler         [WE
AK]
  240 0000001A                 EXPORT           PWM0_Int_Handler            [WE
AK]
  241 0000001A                 EXPORT           PWM1_Int_Handler            [WE
AK]
  242 0000001A                 EXPORT           PWM2_Int_Handler            [WE
AK]
  243 0000001A         
  244 0000001A         
  245 0000001A         WakeUp_Int_Handler
  246 0000001A         Ext_Int0_Handler
  247 0000001A         Ext_Int1_Handler
  248 0000001A         Ext_Int2_Handler
  249 0000001A         Ext_Int3_Handler
  250 0000001A         Ext_Int4_Handler
  251 0000001A         Ext_Int5_Handler
  252 0000001A         Ext_Int6_Handler
  253 0000001A         Ext_Int7_Handler
  254 0000001A         WDog_Tmr_Int_Handler
  255 0000001A         GP_Tmr0_Int_Handler
  256 0000001A         GP_Tmr1_Int_Handler
  257 0000001A         ADC0_Int_Handler
  258 0000001A         ADC1_Int_Handler
  259 0000001A         SINC2_Int_Handler
  260 0000001A         Flsh_Int_Handler
  261 0000001A         UART_Int_Handler
  262 0000001A         SPI0_Int_Handler
  263 0000001A         SPI1_Int_Handler
  264 0000001A         I2C0_Slave_Int_Handler
  265 0000001A         I2C0_Master_Int_Handler
  266 0000001A         DMA_Err_Int_Handler
  267 0000001A         DMA_SPI1_TX_Int_Handler
  268 0000001A         DMA_SPI1_RX_Int_Handler
  269 0000001A         DMA_UART_TX_Int_Handler
  270 0000001A         DMA_UART_RX_Int_Handler
  271 0000001A         DMA_I2C0_STX_Int_Handler
  272 0000001A         DMA_I2C0_SRX_Int_Handler
  273 0000001A         DMA_I2C0_MTX_Int_Handler
  274 0000001A         DMA_I2C0_MRX_Int_Handler
  275 0000001A         DMA_DAC_Out_Int_Handler
  276 0000001A         DMA_ADC0_Int_Handler
  277 0000001A         DMA_ADC1_Int_Handler
  278 0000001A         DMA_SINC2_Int_Handler
  279 0000001A         PWMTRIP_Int_Handler
  280 0000001A         PWM0_Int_Handler
  281 0000001A         PWM1_Int_Handler
  282 0000001A         PWM2_Int_Handler
  283 0000001A E7FE            B                .
  284 0000001C         
  285 0000001C                 ENDP
  286 0000001C         
  287 0000001C                 ALIGN
  288 0000001C         



ARM Macro Assembler    Page 9 


  289 0000001C         ;*******************************************************
                       ************************
  290 0000001C         ; User Stack and Heap initialization
  291 0000001C         ;*******************************************************
                       ************************
  292 0000001C                 IF               :DEF:__MICROLIB
  293 0000001C         
  294 0000001C                 EXPORT           __initial_sp
  295 0000001C                 EXPORT           __heap_base
  296 0000001C                 EXPORT           __heap_limit
  297 0000001C         
  298 0000001C                 ELSE
  313                          ENDIF
  314 0000001C         
  315 0000001C                 END
              00000000 
              00000000 
Command Line: --debug --xref --diag_suppress=9931 --cpu=Cortex-M3 --apcs=interw
ork --depend=.\objects\startup_aducm360.d -o.\objects\startup_aducm360.o -I.\RT
E\_Target_1 -IC:\Users\User\AppData\Local\Arm\Packs\ARM\CMSIS\5.5.1\CMSIS\Core\
Include -IC:\Users\User\AppData\Local\Arm\Packs\AnalogDevices\ADuCM36x_DFP\1.0.
4\Device\Include --predefine="__EVAL SETA 1" --predefine="__MICROLIB SETA 1" --
predefine="__UVISION_VERSION SETA 528" --predefine="_RTE_ SETA 1" --predefine="
__ADUCM360__ SETA 1" --list=.\listings\startup_aducm360.lst RTE\Device\ADuCM360
\startup_ADuCM360.s



ARM Macro Assembler    Page 1 Alphabetic symbol ordering
Relocatable symbols

STACK 00000000

Symbol: STACK
   Definitions
      At line 51 in file RTE\Device\ADuCM360\startup_ADuCM360.s
   Uses
      None
Comment: STACK unused
Stack_Mem 00000000

Symbol: Stack_Mem
   Definitions
      At line 52 in file RTE\Device\ADuCM360\startup_ADuCM360.s
   Uses
      None
Comment: Stack_Mem unused
__initial_sp 00000400

Symbol: __initial_sp
   Definitions
      At line 53 in file RTE\Device\ADuCM360\startup_ADuCM360.s
   Uses
      At line 77 in file RTE\Device\ADuCM360\startup_ADuCM360.s
      At line 294 in file RTE\Device\ADuCM360\startup_ADuCM360.s

3 symbols



ARM Macro Assembler    Page 1 Alphabetic symbol ordering
Relocatable symbols

HEAP 00000000

Symbol: HEAP
   Definitions
      At line 62 in file RTE\Device\ADuCM360\startup_ADuCM360.s
   Uses
      None
Comment: HEAP unused
Heap_Mem 00000000

Symbol: Heap_Mem
   Definitions
      At line 64 in file RTE\Device\ADuCM360\startup_ADuCM360.s
   Uses
      None
Comment: Heap_Mem unused
__heap_base 00000000

Symbol: __heap_base
   Definitions
      At line 63 in file RTE\Device\ADuCM360\startup_ADuCM360.s
   Uses
      At line 295 in file RTE\Device\ADuCM360\startup_ADuCM360.s
Comment: __heap_base used once
__heap_limit 00000200

Symbol: __heap_limit
   Definitions
      At line 65 in file RTE\Device\ADuCM360\startup_ADuCM360.s
   Uses
      At line 296 in file RTE\Device\ADuCM360\startup_ADuCM360.s
Comment: __heap_limit used once
4 symbols



ARM Macro Assembler    Page 1 Alphabetic symbol ordering
Relocatable symbols

RESET 00000000

Symbol: RESET
   Definitions
      At line 72 in file RTE\Device\ADuCM360\startup_ADuCM360.s
   Uses
      None
Comment: RESET unused
__Vectors 00000000

Symbol: __Vectors
   Definitions
      At line 77 in file RTE\Device\ADuCM360\startup_ADuCM360.s
   Uses
      At line 73 in file RTE\Device\ADuCM360\startup_ADuCM360.s
      At line 137 in file RTE\Device\ADuCM360\startup_ADuCM360.s

__Vectors_End 000000E0

Symbol: __Vectors_End
   Definitions
      At line 135 in file RTE\Device\ADuCM360\startup_ADuCM360.s
   Uses
      At line 74 in file RTE\Device\ADuCM360\startup_ADuCM360.s
      At line 137 in file RTE\Device\ADuCM360\startup_ADuCM360.s

3 symbols



ARM Macro Assembler    Page 1 Alphabetic symbol ordering
Relocatable symbols

.text 00000000

Symbol: .text
   Definitions
      At line 139 in file RTE\Device\ADuCM360\startup_ADuCM360.s
   Uses
      None
Comment: .text unused
ADC0_Int_Handler 0000001A

Symbol: ADC0_Int_Handler
   Definitions
      At line 257 in file RTE\Device\ADuCM360\startup_ADuCM360.s
   Uses
      At line 108 in file RTE\Device\ADuCM360\startup_ADuCM360.s
      At line 217 in file RTE\Device\ADuCM360\startup_ADuCM360.s

ADC1_Int_Handler 0000001A

Symbol: ADC1_Int_Handler
   Definitions
      At line 258 in file RTE\Device\ADuCM360\startup_ADuCM360.s
   Uses
      At line 109 in file RTE\Device\ADuCM360\startup_ADuCM360.s
      At line 218 in file RTE\Device\ADuCM360\startup_ADuCM360.s

BusFault_Handler 0000000E

Symbol: BusFault_Handler
   Definitions
      At line 169 in file RTE\Device\ADuCM360\startup_ADuCM360.s
   Uses
      At line 82 in file RTE\Device\ADuCM360\startup_ADuCM360.s
      At line 170 in file RTE\Device\ADuCM360\startup_ADuCM360.s

DMA_ADC0_Int_Handler 0000001A

Symbol: DMA_ADC0_Int_Handler
   Definitions
      At line 276 in file RTE\Device\ADuCM360\startup_ADuCM360.s
   Uses
      At line 127 in file RTE\Device\ADuCM360\startup_ADuCM360.s
      At line 236 in file RTE\Device\ADuCM360\startup_ADuCM360.s

DMA_ADC1_Int_Handler 0000001A

Symbol: DMA_ADC1_Int_Handler
   Definitions
      At line 277 in file RTE\Device\ADuCM360\startup_ADuCM360.s
   Uses
      At line 128 in file RTE\Device\ADuCM360\startup_ADuCM360.s
      At line 237 in file RTE\Device\ADuCM360\startup_ADuCM360.s

DMA_DAC_Out_Int_Handler 0000001A

Symbol: DMA_DAC_Out_Int_Handler
   Definitions
      At line 275 in file RTE\Device\ADuCM360\startup_ADuCM360.s
   Uses



ARM Macro Assembler    Page 2 Alphabetic symbol ordering
Relocatable symbols

      At line 126 in file RTE\Device\ADuCM360\startup_ADuCM360.s
      At line 235 in file RTE\Device\ADuCM360\startup_ADuCM360.s

DMA_Err_Int_Handler 0000001A

Symbol: DMA_Err_Int_Handler
   Definitions
      At line 266 in file RTE\Device\ADuCM360\startup_ADuCM360.s
   Uses
      At line 117 in file RTE\Device\ADuCM360\startup_ADuCM360.s
      At line 226 in file RTE\Device\ADuCM360\startup_ADuCM360.s

DMA_I2C0_MRX_Int_Handler 0000001A

Symbol: DMA_I2C0_MRX_Int_Handler
   Definitions
      At line 274 in file RTE\Device\ADuCM360\startup_ADuCM360.s
   Uses
      At line 125 in file RTE\Device\ADuCM360\startup_ADuCM360.s
      At line 234 in file RTE\Device\ADuCM360\startup_ADuCM360.s

DMA_I2C0_MTX_Int_Handler 0000001A

Symbol: DMA_I2C0_MTX_Int_Handler
   Definitions
      At line 273 in file RTE\Device\ADuCM360\startup_ADuCM360.s
   Uses
      At line 124 in file RTE\Device\ADuCM360\startup_ADuCM360.s
      At line 233 in file RTE\Device\ADuCM360\startup_ADuCM360.s

DMA_I2C0_SRX_Int_Handler 0000001A

Symbol: DMA_I2C0_SRX_Int_Handler
   Definitions
      At line 272 in file RTE\Device\ADuCM360\startup_ADuCM360.s
   Uses
      At line 123 in file RTE\Device\ADuCM360\startup_ADuCM360.s
      At line 232 in file RTE\Device\ADuCM360\startup_ADuCM360.s

DMA_I2C0_STX_Int_Handler 0000001A

Symbol: DMA_I2C0_STX_Int_Handler
   Definitions
      At line 271 in file RTE\Device\ADuCM360\startup_ADuCM360.s
   Uses
      At line 122 in file RTE\Device\ADuCM360\startup_ADuCM360.s
      At line 231 in file RTE\Device\ADuCM360\startup_ADuCM360.s

DMA_SINC2_Int_Handler 0000001A

Symbol: DMA_SINC2_Int_Handler
   Definitions
      At line 278 in file RTE\Device\ADuCM360\startup_ADuCM360.s
   Uses
      At line 129 in file RTE\Device\ADuCM360\startup_ADuCM360.s
      At line 238 in file RTE\Device\ADuCM360\startup_ADuCM360.s

DMA_SPI1_RX_Int_Handler 0000001A




ARM Macro Assembler    Page 3 Alphabetic symbol ordering
Relocatable symbols

Symbol: DMA_SPI1_RX_Int_Handler
   Definitions
      At line 268 in file RTE\Device\ADuCM360\startup_ADuCM360.s
   Uses
      At line 119 in file RTE\Device\ADuCM360\startup_ADuCM360.s
      At line 228 in file RTE\Device\ADuCM360\startup_ADuCM360.s

DMA_SPI1_TX_Int_Handler 0000001A

Symbol: DMA_SPI1_TX_Int_Handler
   Definitions
      At line 267 in file RTE\Device\ADuCM360\startup_ADuCM360.s
   Uses
      At line 118 in file RTE\Device\ADuCM360\startup_ADuCM360.s
      At line 227 in file RTE\Device\ADuCM360\startup_ADuCM360.s

DMA_UART_RX_Int_Handler 0000001A

Symbol: DMA_UART_RX_Int_Handler
   Definitions
      At line 270 in file RTE\Device\ADuCM360\startup_ADuCM360.s
   Uses
      At line 121 in file RTE\Device\ADuCM360\startup_ADuCM360.s
      At line 230 in file RTE\Device\ADuCM360\startup_ADuCM360.s

DMA_UART_TX_Int_Handler 0000001A

Symbol: DMA_UART_TX_Int_Handler
   Definitions
      At line 269 in file RTE\Device\ADuCM360\startup_ADuCM360.s
   Uses
      At line 120 in file RTE\Device\ADuCM360\startup_ADuCM360.s
      At line 229 in file RTE\Device\ADuCM360\startup_ADuCM360.s

DebugMon_Handler 00000014

Symbol: DebugMon_Handler
   Definitions
      At line 183 in file RTE\Device\ADuCM360\startup_ADuCM360.s
   Uses
      At line 89 in file RTE\Device\ADuCM360\startup_ADuCM360.s
      At line 184 in file RTE\Device\ADuCM360\startup_ADuCM360.s

Default_Handler 0000001A

Symbol: Default_Handler
   Definitions
      At line 196 in file RTE\Device\ADuCM360\startup_ADuCM360.s
   Uses
      None
Comment: Default_Handler unused
Ext_Int0_Handler 0000001A

Symbol: Ext_Int0_Handler
   Definitions
      At line 246 in file RTE\Device\ADuCM360\startup_ADuCM360.s
   Uses
      At line 96 in file RTE\Device\ADuCM360\startup_ADuCM360.s
      At line 206 in file RTE\Device\ADuCM360\startup_ADuCM360.s



ARM Macro Assembler    Page 4 Alphabetic symbol ordering
Relocatable symbols


Ext_Int1_Handler 0000001A

Symbol: Ext_Int1_Handler
   Definitions
      At line 247 in file RTE\Device\ADuCM360\startup_ADuCM360.s
   Uses
      At line 97 in file RTE\Device\ADuCM360\startup_ADuCM360.s
      At line 207 in file RTE\Device\ADuCM360\startup_ADuCM360.s

Ext_Int2_Handler 0000001A

Symbol: Ext_Int2_Handler
   Definitions
      At line 248 in file RTE\Device\ADuCM360\startup_ADuCM360.s
   Uses
      At line 98 in file RTE\Device\ADuCM360\startup_ADuCM360.s
      At line 208 in file RTE\Device\ADuCM360\startup_ADuCM360.s

Ext_Int3_Handler 0000001A

Symbol: Ext_Int3_Handler
   Definitions
      At line 249 in file RTE\Device\ADuCM360\startup_ADuCM360.s
   Uses
      At line 99 in file RTE\Device\ADuCM360\startup_ADuCM360.s
      At line 209 in file RTE\Device\ADuCM360\startup_ADuCM360.s

Ext_Int4_Handler 0000001A

Symbol: Ext_Int4_Handler
   Definitions
      At line 250 in file RTE\Device\ADuCM360\startup_ADuCM360.s
   Uses
      At line 100 in file RTE\Device\ADuCM360\startup_ADuCM360.s
      At line 210 in file RTE\Device\ADuCM360\startup_ADuCM360.s

Ext_Int5_Handler 0000001A

Symbol: Ext_Int5_Handler
   Definitions
      At line 251 in file RTE\Device\ADuCM360\startup_ADuCM360.s
   Uses
      At line 101 in file RTE\Device\ADuCM360\startup_ADuCM360.s
      At line 211 in file RTE\Device\ADuCM360\startup_ADuCM360.s

Ext_Int6_Handler 0000001A

Symbol: Ext_Int6_Handler
   Definitions
      At line 252 in file RTE\Device\ADuCM360\startup_ADuCM360.s
   Uses
      At line 102 in file RTE\Device\ADuCM360\startup_ADuCM360.s
      At line 212 in file RTE\Device\ADuCM360\startup_ADuCM360.s

Ext_Int7_Handler 0000001A

Symbol: Ext_Int7_Handler
   Definitions



ARM Macro Assembler    Page 5 Alphabetic symbol ordering
Relocatable symbols

      At line 253 in file RTE\Device\ADuCM360\startup_ADuCM360.s
   Uses
      At line 103 in file RTE\Device\ADuCM360\startup_ADuCM360.s
      At line 213 in file RTE\Device\ADuCM360\startup_ADuCM360.s

Flsh_Int_Handler 0000001A

Symbol: Flsh_Int_Handler
   Definitions
      At line 260 in file RTE\Device\ADuCM360\startup_ADuCM360.s
   Uses
      At line 111 in file RTE\Device\ADuCM360\startup_ADuCM360.s
      At line 220 in file RTE\Device\ADuCM360\startup_ADuCM360.s

GP_Tmr0_Int_Handler 0000001A

Symbol: GP_Tmr0_Int_Handler
   Definitions
      At line 255 in file RTE\Device\ADuCM360\startup_ADuCM360.s
   Uses
      At line 106 in file RTE\Device\ADuCM360\startup_ADuCM360.s
      At line 215 in file RTE\Device\ADuCM360\startup_ADuCM360.s

GP_Tmr1_Int_Handler 0000001A

Symbol: GP_Tmr1_Int_Handler
   Definitions
      At line 256 in file RTE\Device\ADuCM360\startup_ADuCM360.s
   Uses
      At line 107 in file RTE\Device\ADuCM360\startup_ADuCM360.s
      At line 216 in file RTE\Device\ADuCM360\startup_ADuCM360.s

HardFault_Handler 0000000A

Symbol: HardFault_Handler
   Definitions
      At line 159 in file RTE\Device\ADuCM360\startup_ADuCM360.s
   Uses
      At line 80 in file RTE\Device\ADuCM360\startup_ADuCM360.s
      At line 160 in file RTE\Device\ADuCM360\startup_ADuCM360.s

I2C0_Master_Int_Handler 0000001A

Symbol: I2C0_Master_Int_Handler
   Definitions
      At line 265 in file RTE\Device\ADuCM360\startup_ADuCM360.s
   Uses
      At line 116 in file RTE\Device\ADuCM360\startup_ADuCM360.s
      At line 225 in file RTE\Device\ADuCM360\startup_ADuCM360.s

I2C0_Slave_Int_Handler 0000001A

Symbol: I2C0_Slave_Int_Handler
   Definitions
      At line 264 in file RTE\Device\ADuCM360\startup_ADuCM360.s
   Uses
      At line 115 in file RTE\Device\ADuCM360\startup_ADuCM360.s
      At line 224 in file RTE\Device\ADuCM360\startup_ADuCM360.s




ARM Macro Assembler    Page 6 Alphabetic symbol ordering
Relocatable symbols

MemManage_Handler 0000000C

Symbol: MemManage_Handler
   Definitions
      At line 164 in file RTE\Device\ADuCM360\startup_ADuCM360.s
   Uses
      At line 81 in file RTE\Device\ADuCM360\startup_ADuCM360.s
      At line 165 in file RTE\Device\ADuCM360\startup_ADuCM360.s

NMI_Handler 00000008

Symbol: NMI_Handler
   Definitions
      At line 154 in file RTE\Device\ADuCM360\startup_ADuCM360.s
   Uses
      At line 79 in file RTE\Device\ADuCM360\startup_ADuCM360.s
      At line 155 in file RTE\Device\ADuCM360\startup_ADuCM360.s

PWM0_Int_Handler 0000001A

Symbol: PWM0_Int_Handler
   Definitions
      At line 280 in file RTE\Device\ADuCM360\startup_ADuCM360.s
   Uses
      At line 131 in file RTE\Device\ADuCM360\startup_ADuCM360.s
      At line 240 in file RTE\Device\ADuCM360\startup_ADuCM360.s

PWM1_Int_Handler 0000001A

Symbol: PWM1_Int_Handler
   Definitions
      At line 281 in file RTE\Device\ADuCM360\startup_ADuCM360.s
   Uses
      At line 132 in file RTE\Device\ADuCM360\startup_ADuCM360.s
      At line 241 in file RTE\Device\ADuCM360\startup_ADuCM360.s

PWM2_Int_Handler 0000001A

Symbol: PWM2_Int_Handler
   Definitions
      At line 282 in file RTE\Device\ADuCM360\startup_ADuCM360.s
   Uses
      At line 133 in file RTE\Device\ADuCM360\startup_ADuCM360.s
      At line 242 in file RTE\Device\ADuCM360\startup_ADuCM360.s

PWMTRIP_Int_Handler 0000001A

Symbol: PWMTRIP_Int_Handler
   Definitions
      At line 279 in file RTE\Device\ADuCM360\startup_ADuCM360.s
   Uses
      At line 130 in file RTE\Device\ADuCM360\startup_ADuCM360.s
      At line 239 in file RTE\Device\ADuCM360\startup_ADuCM360.s

PendSV_Handler 00000016

Symbol: PendSV_Handler
   Definitions
      At line 187 in file RTE\Device\ADuCM360\startup_ADuCM360.s



ARM Macro Assembler    Page 7 Alphabetic symbol ordering
Relocatable symbols

   Uses
      At line 91 in file RTE\Device\ADuCM360\startup_ADuCM360.s
      At line 188 in file RTE\Device\ADuCM360\startup_ADuCM360.s

Reset_Handler 00000000

Symbol: Reset_Handler
   Definitions
      At line 142 in file RTE\Device\ADuCM360\startup_ADuCM360.s
   Uses
      At line 78 in file RTE\Device\ADuCM360\startup_ADuCM360.s
      At line 143 in file RTE\Device\ADuCM360\startup_ADuCM360.s

SINC2_Int_Handler 0000001A

Symbol: SINC2_Int_Handler
   Definitions
      At line 259 in file RTE\Device\ADuCM360\startup_ADuCM360.s
   Uses
      At line 110 in file RTE\Device\ADuCM360\startup_ADuCM360.s
      At line 219 in file RTE\Device\ADuCM360\startup_ADuCM360.s

SPI0_Int_Handler 0000001A

Symbol: SPI0_Int_Handler
   Definitions
      At line 262 in file RTE\Device\ADuCM360\startup_ADuCM360.s
   Uses
      At line 113 in file RTE\Device\ADuCM360\startup_ADuCM360.s
      At line 222 in file RTE\Device\ADuCM360\startup_ADuCM360.s

SPI1_Int_Handler 0000001A

Symbol: SPI1_Int_Handler
   Definitions
      At line 263 in file RTE\Device\ADuCM360\startup_ADuCM360.s
   Uses
      At line 114 in file RTE\Device\ADuCM360\startup_ADuCM360.s
      At line 223 in file RTE\Device\ADuCM360\startup_ADuCM360.s

SVC_Handler 00000012

Symbol: SVC_Handler
   Definitions
      At line 178 in file RTE\Device\ADuCM360\startup_ADuCM360.s
   Uses
      At line 88 in file RTE\Device\ADuCM360\startup_ADuCM360.s
      At line 179 in file RTE\Device\ADuCM360\startup_ADuCM360.s

SysTick_Handler 00000018

Symbol: SysTick_Handler
   Definitions
      At line 191 in file RTE\Device\ADuCM360\startup_ADuCM360.s
   Uses
      At line 92 in file RTE\Device\ADuCM360\startup_ADuCM360.s
      At line 192 in file RTE\Device\ADuCM360\startup_ADuCM360.s

UART_Int_Handler 0000001A



ARM Macro Assembler    Page 8 Alphabetic symbol ordering
Relocatable symbols


Symbol: UART_Int_Handler
   Definitions
      At line 261 in file RTE\Device\ADuCM360\startup_ADuCM360.s
   Uses
      At line 112 in file RTE\Device\ADuCM360\startup_ADuCM360.s
      At line 221 in file RTE\Device\ADuCM360\startup_ADuCM360.s

UsageFault_Handler 00000010

Symbol: UsageFault_Handler
   Definitions
      At line 174 in file RTE\Device\ADuCM360\startup_ADuCM360.s
   Uses
      At line 83 in file RTE\Device\ADuCM360\startup_ADuCM360.s
      At line 175 in file RTE\Device\ADuCM360\startup_ADuCM360.s

WDog_Tmr_Int_Handler 0000001A

Symbol: WDog_Tmr_Int_Handler
   Definitions
      At line 254 in file RTE\Device\ADuCM360\startup_ADuCM360.s
   Uses
      At line 104 in file RTE\Device\ADuCM360\startup_ADuCM360.s
      At line 214 in file RTE\Device\ADuCM360\startup_ADuCM360.s

WakeUp_Int_Handler 0000001A

Symbol: WakeUp_Int_Handler
   Definitions
      At line 245 in file RTE\Device\ADuCM360\startup_ADuCM360.s
   Uses
      At line 95 in file RTE\Device\ADuCM360\startup_ADuCM360.s
      At line 205 in file RTE\Device\ADuCM360\startup_ADuCM360.s

50 symbols



ARM Macro Assembler    Page 1 Alphabetic symbol ordering
Absolute symbols

Heap_Size 00000200

Symbol: Heap_Size
   Definitions
      At line 60 in file RTE\Device\ADuCM360\startup_ADuCM360.s
   Uses
      At line 64 in file RTE\Device\ADuCM360\startup_ADuCM360.s
Comment: Heap_Size used once
Stack_Size 00000400

Symbol: Stack_Size
   Definitions
      At line 49 in file RTE\Device\ADuCM360\startup_ADuCM360.s
   Uses
      At line 52 in file RTE\Device\ADuCM360\startup_ADuCM360.s
Comment: Stack_Size used once
__Vectors_Size 000000E0

Symbol: __Vectors_Size
   Definitions
      At line 137 in file RTE\Device\ADuCM360\startup_ADuCM360.s
   Uses
      At line 75 in file RTE\Device\ADuCM360\startup_ADuCM360.s
Comment: __Vectors_Size used once
3 symbols



ARM Macro Assembler    Page 1 Alphabetic symbol ordering
External symbols

SystemInitForLowPower 00000000

Symbol: SystemInitForLowPower
   Definitions
      At line 144 in file RTE\Device\ADuCM360\startup_ADuCM360.s
   Uses
      At line 146 in file RTE\Device\ADuCM360\startup_ADuCM360.s
Comment: SystemInitForLowPower used once
__main 00000000

Symbol: __main
   Definitions
      At line 145 in file RTE\Device\ADuCM360\startup_ADuCM360.s
   Uses
      At line 148 in file RTE\Device\ADuCM360\startup_ADuCM360.s
Comment: __main used once
2 symbols
402 symbols in table
